<?xml version="1.0" encoding="UTF-8"?>
<!-- Generated by org.testng.reporters.JUnitReportReporter -->
<testsuite hostname="LAPTOP-1DEPETE0" failures="0" tests="1" name="test.DemoTest" time="8.646" errors="0" timestamp="2023-11-04T22:47:40 PST" skipped="0">
  <testcase classname="test.DemoTest" name="TC1" time="8.646">
    <system-out>
      <![CDATA[
>>>>> Executing DemoTest <<<<<

Running test in Google
Opened https://invene.com/
The text Healthcare Product Development is present in the web element.
Hyperlink clicked]]>
    </system-out>
  </testcase> <!-- TC1 -->
  <system-out>
    <![CDATA[
>>>>> Executing DemoTest <<<<<

Running test in Google
Opened https://invene.com/
The text Healthcare Product Development is present in the web element.
Hyperlink clicked

>>>>> Terminating DemoTest <<<<<
]]>
  </system-out>
</testsuite> <!-- test.DemoTest -->
